<?xml version="1.0" encoding="UTF-8"?>
<testsuite name="testsLab2.MainTests" tests="2" skipped="0" failures="0" errors="0" timestamp="2025-03-04T07:22:17" hostname="DESKTOP-TTVQG82" time="0.025">
  <properties/>
  <testcase name="testListNotEmpty()" classname="testsLab2.MainTests" time="0.021"/>
  <testcase name="testListSize()" classname="testsLab2.MainTests" time="0.002"/>
  <system-out><![CDATA[]]></system-out>
  <system-err><![CDATA[]]></system-err>
</testsuite>
